2025-04-23 22:24:28,511 - INFO - Updated groups for course 1 курс: ['БДД-101', 'БДД-102', 'ИД-101', 'ИСПД-101', 'ИСПД-102', 'ИСПД-103', 'МД-101', 'РД-101', 'РД-102', 'РСОД-101', 'УПД-101', 'ЭБД-101', 'ЭБД-102', 'ЭД-101', 'ЮД-101']
2025-04-23 22:24:30,835 - INFO - Updated groups for course 1 курс: ['БДД-101', 'БДД-102', 'ИД-101', 'ИСПД-101', 'ИСПД-102', 'ИСПД-103', 'МД-101', 'РД-101', 'РД-102', 'РСОД-101', 'УПД-101', 'ЭБД-101', 'ЭБД-102', 'ЭД-101', 'ЮД-101']
2025-04-23 22:24:32,837 - INFO - Saved group_id: 26616
2025-04-23 22:24:32,838 - INFO - Loaded schedules from local file
2025-04-23 22:24:32,839 - INFO - Schedules content: [
  {
    "Month": [
      {
        "Name": "Апрель",
        "Numb": 4,
        "Sched": [
          {
            "datePair": "01.04.2025",
            "dayWeek": "Вторник",
            "dayWeekShort": "Вт",
            "mainSchedule": [
              {
                "TimeStart": "10:15",
                "SubjName": "Общая физическая подготовка",
                "SubjSN": "Общая физ-я. подгот",
                "LoadKindSN": "Практ зан",
                "FIO": "Лукашевич Т.С.",
                "Aud": "Сп/Зал"
              },
              {
                "TimeStart": "12:00",
                "SubjName": "Текстовые редакторы",
                "SubjSN": "Текстовые ред-ры",
                "LoadKindSN": "Лабор",
                "FIO": "Олейников А.А.",
                "Aud": "614"
              },
              {
                "TimeStart": "14:05",
                "SubjName": "Иностранный язык",
                "SubjSN": "Иностранный язык",
                "LoadKindSN": "Практ зан",
                "FIO": "Фефелова И.Р.",
                "Aud": "221"
              }
            ]
          },
          {
            "datePair": "02.04.2025",
            "dayWeek": "Среда",
            "dayWeekShort": "Ср",
            "mainSchedule": [
              {
                "TimeStart": "08:30",
                "SubjName": "История России",
                "SubjSN": "История России",
                "LoadKindSN": "Лекция",
                "FIO": "Гресь C.И.",
                "Aud": "403"
              },
              {
                "TimeStart": "10:15",
                "SubjName": "История России",
                "SubjSN": "История России",
                "LoadKindSN": "Лекция",
                "FIO": "Гресь C.И.",
                "Aud": "403"
              },
              {
                "TimeStart": "12:00",
                "SubjName": "Информатика и программирование",
                "SubjSN": "Инф-ка и программ-е",
                "LoadKindSN": "Лекция",
2025-04-23 22:24:32,839 - INFO - Extracted disciplines: ['Высшая математика', 'Иностранный язык', 'Информатика и программирование', 'История России', 'Макроэкономика', 'Общая физическая подготовка', 'Основы конфигурирования в КИС', 'Регулирование социально-трудовых отношений на основе социального партнерства', 'Текстовые редакторы', 'Философия']
2025-04-23 22:24:32,839 - INFO - Disciplines after local load: ['Высшая математика', 'Иностранный язык', 'Информатика и программирование', 'История России', 'Макроэкономика', 'Общая физическая подготовка', 'Основы конфигурирования в КИС', 'Регулирование социально-трудовых отношений на основе социального партнерства', 'Текстовые редакторы', 'Философия']
2025-04-23 22:24:32,839 - INFO - Calling on_selection_complete
2025-04-23 22:24:32,839 - INFO - Returning cached disciplines
2025-04-23 22:24:32,840 - INFO - Disciplines in build_note_form: ['Высшая математика', 'Иностранный язык', 'Информатика и программирование', 'История России', 'Макроэкономика', 'Общая физическая подготовка', 'Основы конфигурирования в КИС', 'Регулирование социально-трудовых отношений на основе социального партнерства', 'Текстовые редакторы', 'Философия']
2025-04-23 22:24:32,841 - INFO - Notes list updated, total notes: 0
2025-04-23 22:24:32,841 - INFO - NotesView initialized
2025-04-23 22:24:32,842 - INFO - Main view displayed
2025-04-23 22:24:32,843 - INFO - Loaded schedules from local file
2025-04-23 22:24:32,844 - INFO - Schedules content: [
  {
    "Month": [
      {
        "Name": "Апрель",
        "Numb": 4,
        "Sched": [
          {
            "datePair": "01.04.2025",
            "dayWeek": "Вторник",
            "dayWeekShort": "Вт",
            "mainSchedule": [
              {
                "TimeStart": "10:15",
                "SubjName": "Общая физическая подготовка",
                "SubjSN": "Общая физ-я. подгот",
                "LoadKindSN": "Практ зан",
                "FIO": "Лукашевич Т.С.",
                "Aud": "Сп/Зал"
              },
              {
                "TimeStart": "12:00",
                "SubjName": "Текстовые редакторы",
                "SubjSN": "Текстовые ред-ры",
                "LoadKindSN": "Лабор",
                "FIO": "Олейников А.А.",
                "Aud": "614"
              },
              {
                "TimeStart": "14:05",
                "SubjName": "Иностранный язык",
                "SubjSN": "Иностранный язык",
                "LoadKindSN": "Практ зан",
                "FIO": "Фефелова И.Р.",
                "Aud": "221"
              }
            ]
          },
          {
            "datePair": "02.04.2025",
            "dayWeek": "Среда",
            "dayWeekShort": "Ср",
            "mainSchedule": [
              {
                "TimeStart": "08:30",
                "SubjName": "История России",
                "SubjSN": "История России",
                "LoadKindSN": "Лекция",
                "FIO": "Гресь C.И.",
                "Aud": "403"
              },
              {
                "TimeStart": "10:15",
                "SubjName": "История России",
                "SubjSN": "История России",
                "LoadKindSN": "Лекция",
                "FIO": "Гресь C.И.",
                "Aud": "403"
              },
              {
                "TimeStart": "12:00",
                "SubjName": "Информатика и программирование",
                "SubjSN": "Инф-ка и программ-е",
                "LoadKindSN": "Лекция",
2025-04-23 22:24:32,844 - INFO - Extracted disciplines: ['Высшая математика', 'Иностранный язык', 'Информатика и программирование', 'История России', 'Макроэкономика', 'Общая физическая подготовка', 'Основы конфигурирования в КИС', 'Регулирование социально-трудовых отношений на основе социального партнерства', 'Текстовые редакторы', 'Философия']
2025-04-23 22:24:32,844 - INFO - Disciplines after local load: ['Высшая математика', 'Иностранный язык', 'Информатика и программирование', 'История России', 'Макроэкономика', 'Общая физическая подготовка', 'Основы конфигурирования в КИС', 'Регулирование социально-трудовых отношений на основе социального партнерства', 'Текстовые редакторы', 'Философия']
2025-04-23 22:24:32,844 - INFO - Returning cached disciplines
2025-04-23 22:24:32,844 - INFO - Disciplines in build_note_form: ['Высшая математика', 'Иностранный язык', 'Информатика и программирование', 'История России', 'Макроэкономика', 'Общая физическая подготовка', 'Основы конфигурирования в КИС', 'Регулирование социально-трудовых отношений на основе социального партнерства', 'Текстовые редакторы', 'Философия']
2025-04-23 22:24:32,845 - INFO - Notes form rebuilt after schedule load
2025-04-23 22:24:32,845 - INFO - Clearing schedule_output, current controls: 0
2025-04-23 22:24:32,848 - INFO - Processing day: 23.04.2025
2025-04-23 22:24:32,848 - INFO - Added lesson card: lesson_23.04.2025_08:30
2025-04-23 22:24:32,849 - INFO - Added lesson card: lesson_23.04.2025_10:15
2025-04-23 22:24:32,849 - INFO - Added lesson card: lesson_23.04.2025_12:00
2025-04-23 22:24:32,849 - INFO - Total cards added: 3
2025-04-23 22:24:32,850 - INFO - Schedule output controls after update: 3
2025-04-23 22:24:32,852 - INFO - Scrolled to key: lesson_23.04.2025_08:30
2025-04-23 22:24:38,218 - INFO - Clearing schedule_output, current controls: 3
2025-04-23 22:24:38,218 - INFO - Processing day: 21.04.2025
2025-04-23 22:24:38,219 - INFO - Added day card: day_21.04.2025
2025-04-23 22:24:38,219 - INFO - Processing day: 22.04.2025
2025-04-23 22:24:38,220 - INFO - Added day card: day_22.04.2025
2025-04-23 22:24:38,220 - INFO - Processing day: 23.04.2025
2025-04-23 22:24:38,220 - INFO - Added day card: day_23.04.2025
2025-04-23 22:24:38,221 - INFO - Processing day: 24.04.2025
2025-04-23 22:24:38,221 - INFO - Added day card: day_24.04.2025
2025-04-23 22:24:38,221 - INFO - Processing day: 25.04.2025
2025-04-23 22:24:38,222 - INFO - Added day card: day_25.04.2025
2025-04-23 22:24:38,222 - INFO - Total cards added: 5
2025-04-23 22:24:38,225 - INFO - Schedule output controls after update: 5
2025-04-23 22:24:38,230 - INFO - Scrolled to key: day_23.04.2025
2025-04-23 22:24:42,031 - INFO - Clearing schedule_output, current controls: 5
2025-04-23 22:24:42,031 - INFO - Processing day: 01.04.2025
2025-04-23 22:24:42,032 - INFO - Added day card: day_01.04.2025
2025-04-23 22:24:42,032 - INFO - Processing day: 02.04.2025
2025-04-23 22:24:42,033 - INFO - Added day card: day_02.04.2025
2025-04-23 22:24:42,033 - INFO - Processing day: 03.04.2025
2025-04-23 22:24:42,033 - INFO - Added day card: day_03.04.2025
2025-04-23 22:24:42,033 - INFO - Processing day: 04.04.2025
2025-04-23 22:24:42,034 - INFO - Added day card: day_04.04.2025
2025-04-23 22:24:42,034 - INFO - Processing day: 07.04.2025
2025-04-23 22:24:42,035 - INFO - Added day card: day_07.04.2025
2025-04-23 22:24:42,035 - INFO - Processing day: 08.04.2025
2025-04-23 22:24:42,035 - INFO - Added day card: day_08.04.2025
2025-04-23 22:24:42,035 - INFO - Processing day: 09.04.2025
2025-04-23 22:24:42,036 - INFO - Added day card: day_09.04.2025
2025-04-23 22:24:42,036 - INFO - Processing day: 10.04.2025
2025-04-23 22:24:42,037 - INFO - Added day card: day_10.04.2025
2025-04-23 22:24:42,037 - INFO - Processing day: 11.04.2025
2025-04-23 22:24:42,038 - INFO - Added day card: day_11.04.2025
2025-04-23 22:24:42,039 - INFO - Processing day: 14.04.2025
2025-04-23 22:24:42,039 - INFO - Added day card: day_14.04.2025
2025-04-23 22:24:42,039 - INFO - Processing day: 15.04.2025
2025-04-23 22:24:42,040 - INFO - Added day card: day_15.04.2025
2025-04-23 22:24:42,040 - INFO - Processing day: 16.04.2025
2025-04-23 22:24:42,041 - INFO - Added day card: day_16.04.2025
2025-04-23 22:24:42,041 - INFO - Processing day: 17.04.2025
2025-04-23 22:24:42,041 - INFO - Added day card: day_17.04.2025
2025-04-23 22:24:42,041 - INFO - Processing day: 18.04.2025
2025-04-23 22:24:42,042 - INFO - Added day card: day_18.04.2025
2025-04-23 22:24:42,042 - INFO - Processing day: 21.04.2025
2025-04-23 22:24:42,043 - INFO - Added day card: day_21.04.2025
2025-04-23 22:24:42,043 - INFO - Processing day: 22.04.2025
2025-04-23 22:24:42,044 - INFO - Added day card: day_22.04.2025
2025-04-23 22:24:42,044 - INFO - Processing day: 23.04.2025
2025-04-23 22:24:42,044 - INFO - Added day card: day_23.04.2025
2025-04-23 22:24:42,044 - INFO - Processing day: 24.04.2025
2025-04-23 22:24:42,045 - INFO - Added day card: day_24.04.2025
2025-04-23 22:24:42,045 - INFO - Processing day: 25.04.2025
2025-04-23 22:24:42,046 - INFO - Added day card: day_25.04.2025
2025-04-23 22:24:42,046 - INFO - Processing day: 28.04.2025
2025-04-23 22:24:42,046 - INFO - Added day card: day_28.04.2025
2025-04-23 22:24:42,046 - INFO - Processing day: 30.04.2025
2025-04-23 22:24:42,047 - INFO - Added day card: day_30.04.2025
2025-04-23 22:24:42,047 - INFO - Total cards added: 21
2025-04-23 22:24:42,058 - INFO - Schedule output controls after update: 21
2025-04-23 22:24:42,078 - INFO - Scrolled to key: day_23.04.2025
2025-04-23 22:24:52,223 - INFO - Clearing schedule_output, current controls: 21
2025-04-23 22:24:52,223 - INFO - Processing day: 01.04.2025
2025-04-23 22:24:52,224 - INFO - Added day card: day_01.04.2025
2025-04-23 22:24:52,224 - INFO - Processing day: 02.04.2025
2025-04-23 22:24:52,225 - INFO - Added day card: day_02.04.2025
2025-04-23 22:24:52,225 - INFO - Processing day: 03.04.2025
2025-04-23 22:24:52,226 - INFO - Added day card: day_03.04.2025
2025-04-23 22:24:52,226 - INFO - Processing day: 04.04.2025
2025-04-23 22:24:52,226 - INFO - Added day card: day_04.04.2025
2025-04-23 22:24:52,226 - INFO - Processing day: 07.04.2025
2025-04-23 22:24:52,227 - INFO - Added day card: day_07.04.2025
2025-04-23 22:24:52,227 - INFO - Processing day: 08.04.2025
2025-04-23 22:24:52,228 - INFO - Added day card: day_08.04.2025
2025-04-23 22:24:52,228 - INFO - Processing day: 09.04.2025
2025-04-23 22:24:52,229 - INFO - Added day card: day_09.04.2025
2025-04-23 22:24:52,229 - INFO - Processing day: 10.04.2025
2025-04-23 22:24:52,230 - INFO - Added day card: day_10.04.2025
2025-04-23 22:24:52,230 - INFO - Processing day: 11.04.2025
2025-04-23 22:24:52,253 - INFO - Added day card: day_11.04.2025
2025-04-23 22:24:52,253 - INFO - Processing day: 14.04.2025
2025-04-23 22:24:52,254 - INFO - Added day card: day_14.04.2025
2025-04-23 22:24:52,254 - INFO - Processing day: 15.04.2025
2025-04-23 22:24:52,255 - INFO - Added day card: day_15.04.2025
2025-04-23 22:24:52,255 - INFO - Processing day: 16.04.2025
2025-04-23 22:24:52,256 - INFO - Added day card: day_16.04.2025
2025-04-23 22:24:52,256 - INFO - Processing day: 17.04.2025
2025-04-23 22:24:52,256 - INFO - Added day card: day_17.04.2025
2025-04-23 22:24:52,256 - INFO - Processing day: 18.04.2025
2025-04-23 22:24:52,257 - INFO - Added day card: day_18.04.2025
2025-04-23 22:24:52,257 - INFO - Processing day: 21.04.2025
2025-04-23 22:24:52,257 - INFO - Added day card: day_21.04.2025
2025-04-23 22:24:52,258 - INFO - Processing day: 22.04.2025
2025-04-23 22:24:52,258 - INFO - Added day card: day_22.04.2025
2025-04-23 22:24:52,258 - INFO - Processing day: 23.04.2025
2025-04-23 22:24:52,259 - INFO - Added day card: day_23.04.2025
2025-04-23 22:24:52,259 - INFO - Processing day: 24.04.2025
2025-04-23 22:24:52,260 - INFO - Added day card: day_24.04.2025
2025-04-23 22:24:52,260 - INFO - Processing day: 25.04.2025
2025-04-23 22:24:52,260 - INFO - Added day card: day_25.04.2025
2025-04-23 22:24:52,260 - INFO - Processing day: 28.04.2025
2025-04-23 22:24:52,261 - INFO - Added day card: day_28.04.2025
2025-04-23 22:24:52,261 - INFO - Processing day: 30.04.2025
2025-04-23 22:24:52,262 - INFO - Added day card: day_30.04.2025
2025-04-23 22:24:52,262 - INFO - Processing day: 05.05.2025
2025-04-23 22:24:52,262 - INFO - Added day card: day_05.05.2025
2025-04-23 22:24:52,262 - INFO - Processing day: 06.05.2025
2025-04-23 22:24:52,263 - INFO - Added day card: day_06.05.2025
2025-04-23 22:24:52,263 - INFO - Processing day: 07.05.2025
2025-04-23 22:24:52,264 - INFO - Added day card: day_07.05.2025
2025-04-23 22:24:52,264 - INFO - Processing day: 12.05.2025
2025-04-23 22:24:52,265 - INFO - Added day card: day_12.05.2025
2025-04-23 22:24:52,265 - INFO - Processing day: 13.05.2025
2025-04-23 22:24:52,265 - INFO - Added day card: day_13.05.2025
2025-04-23 22:24:52,265 - INFO - Processing day: 14.05.2025
2025-04-23 22:24:52,266 - INFO - Added day card: day_14.05.2025
2025-04-23 22:24:52,266 - INFO - Processing day: 15.05.2025
2025-04-23 22:24:52,267 - INFO - Added day card: day_15.05.2025
2025-04-23 22:24:52,267 - INFO - Processing day: 16.05.2025
2025-04-23 22:24:52,267 - INFO - Added day card: day_16.05.2025
2025-04-23 22:24:52,267 - INFO - Processing day: 19.05.2025
2025-04-23 22:24:52,268 - INFO - Added day card: day_19.05.2025
2025-04-23 22:24:52,268 - INFO - Processing day: 20.05.2025
2025-04-23 22:24:52,268 - INFO - Added day card: day_20.05.2025
2025-04-23 22:24:52,268 - INFO - Processing day: 21.05.2025
2025-04-23 22:24:52,270 - INFO - Added day card: day_21.05.2025
2025-04-23 22:24:52,270 - INFO - Processing day: 22.05.2025
2025-04-23 22:24:52,270 - INFO - Added day card: day_22.05.2025
2025-04-23 22:24:52,270 - INFO - Processing day: 23.05.2025
2025-04-23 22:24:52,271 - INFO - Added day card: day_23.05.2025
2025-04-23 22:24:52,271 - INFO - Processing day: 26.05.2025
2025-04-23 22:24:52,271 - INFO - Added day card: day_26.05.2025
2025-04-23 22:24:52,271 - INFO - Processing day: 27.05.2025
2025-04-23 22:24:52,272 - INFO - Added day card: day_27.05.2025
2025-04-23 22:24:52,272 - INFO - Processing day: 28.05.2025
2025-04-23 22:24:52,273 - INFO - Added day card: day_28.05.2025
2025-04-23 22:24:52,273 - INFO - Processing day: 29.05.2025
2025-04-23 22:24:52,274 - INFO - Added day card: day_29.05.2025
2025-04-23 22:24:52,274 - INFO - Processing day: 30.05.2025
2025-04-23 22:24:52,274 - INFO - Added day card: day_30.05.2025
2025-04-23 22:24:52,274 - INFO - Total cards added: 39
2025-04-23 22:24:52,292 - INFO - Schedule output controls after update: 39
2025-04-23 22:24:52,330 - INFO - Scrolled to key: day_23.04.2025
2025-04-23 22:25:05,373 - INFO - Group change confirmation dialog opened
2025-04-23 22:25:06,437 - INFO - Cleared schedules.json before changing group
2025-04-23 22:25:06,437 - INFO - Switching to group selection
2025-04-23 22:25:06,439 - INFO - Group selection view displayed
2025-04-23 22:25:08,549 - INFO - Saved group_id: 26616
2025-04-23 22:25:09,802 - INFO - API response for group 26616: status=200, content={"Month":[{"Name":"\u0410\u043f\u0440\u0435\u043b\u044c","Numb":4,"Sched":[{"datePair":"01.04.2025","dayWeek":"\u0412\u0442\u043e\u0440\u043d\u0438\u043a","dayWeekShort":"\u0412\u0442","mainSchedule":[{"TimeStart":"10:15","SubjName":"\u041e\u0431\u0449\u0430\u044f \u0444\u0438\u0437\u0438\u0447\u0435\u0441\u043a\u0430\u044f \u043f\u043e\u0434\u0433\u043e\u0442\u043e\u0432\u043a\u0430","SubjSN":"\u041e\u0431\u0449\u0430\u044f \u0444\u0438\u0437-\u044f. \u043f\u043e\u0434\u0433\u043e\u0442","LoadKindSN":"\u041f\u0440\u0430\u043a\u0442 \u0437\u0430\u043d","FIO":"\u041b\u0443\u043a\u0430\u0448\u0435\u0432\u0438\u0447 \u0422.\u0421.","Aud":"\u0421\u043f\/\u0417\u0430\u043b"},{"TimeStart":"12:00","SubjName":"\u0422\u0435\u043a\u0441\u0442\u043e\u0432\u044b\u0435 \u0440\u0435\u0434\u0430\u043a\u0442\u043e\u0440\u044b","SubjSN":"\u0422\u0435\u043a\u0441\u0442\u043e\u0432\u044b\u0435 \u0440\u0435\u0434-\u0440\u044b","LoadKindSN":"\u041b\u0430\u0431\u043e\u0440","FIO":"\u041e\u043b\u0435\u0439\u043d\u0438\u043a\u043e\u0432 \u0410.\u0410.","Aud":"614"},{"TimeStart":"14:05","SubjName":"\u0418\u043d\u043e\u0441\u0442\u0440\u0430\u043d\u043d\u044b\u0439 \u044f\u0437\u044b\u043a","SubjSN":"\u0418\u043d\u043e\u0441\u0442\u0440\u0430\u043d\u043d\u044b\u0439 \u044f\u0437\u044b\u043a","LoadKindSN":"\u041f\u0440\u0430\u043a\u0442 \u0437\u0430\u043d","FIO":"\u0424\u0435\u0444\u0435\u043b\u043e\u0432\u0430 \u0418.\u0420.","Aud":"221"}]},{"datePair":"02.04.2025","dayWeek":"\u0421\u0440\u0435\u0434\u0430","dayWeekShort":"\u0421\u0440","mainSchedule":[{"TimeStart":"08:30","SubjName":"\u0418\u0441\u0442\u043e\u0440\u0438\u044f \u0420\u043e\u0441\u0441\u0438\u0438","SubjSN":"\u0418\u0441\u0442\u043e\u0440\u0438\u044f \u0420\u043e\u0441\u0441\u0438\u0438","LoadKindSN":"\u041b\u0435\u043a\u0446\u0438\u044f","FIO":"\u0413\u0440\u0435\u0441\u044c C.\u0418.","Aud":"403"},{"TimeStart":"10:15","SubjName":"\u0418\u0441\u0442\u043e\u0440\u0438\u044f \u0420\u043e\u0441\u0441\u0438\u0438","SubjSN":"\u04
2025-04-23 22:25:09,804 - INFO - Parsed schedule: {
  "Month": [
    {
      "Name": "Апрель",
      "Numb": 4,
      "Sched": [
        {
          "datePair": "01.04.2025",
          "dayWeek": "Вторник",
          "dayWeekShort": "Вт",
          "mainSchedule": [
            {
              "TimeStart": "10:15",
              "SubjName": "Общая физическая подготовка",
              "SubjSN": "Общая физ-я. подгот",
              "LoadKindSN": "Практ зан",
              "FIO": "Лукашевич Т.С.",
              "Aud": "Сп/Зал"
            },
            {
              "TimeStart": "12:00",
              "SubjName": "Текстовые редакторы",
              "SubjSN": "Текстовые ред-ры",
              "LoadKindSN": "Лабор",
              "FIO": "Олейников А.А.",
              "Aud": "614"
            },
            {
              "TimeStart": "14:05",
              "SubjName": "Иностранный язык",
              "SubjSN": "Иностранный язык",
              "LoadKindSN": "Практ зан",
              "FIO": "Фефелова И.Р.",
              "Aud": "221"
            }
          ]
        },
        {
          "datePair": "02.04.2025",
          "dayWeek": "Среда",
          "dayWeekShort": "Ср",
          "mainSchedule": [
            {
              "TimeStart": "08:30",
              "SubjName": "История России",
              "SubjSN": "История России",
              "LoadKindSN": "Лекция",
              "FIO": "Гресь C.И.",
              "Aud": "403"
            },
            {
              "TimeStart": "10:15",
              "SubjName": "История России",
              "SubjSN": "История России",
              "LoadKindSN": "Лекция",
              "FIO": "Гресь C.И.",
              "Aud": "403"
            },
            {
              "TimeStart": "12:00",
              "SubjName": "Информатика и программирование",
              "SubjSN": "Инф-ка и программ-е",
              "LoadKindSN": "Лекция",
              "FIO": "Кондрашкин В.В.",
              "Aud": "606"
            }
          ]
        },
        {
          "da
2025-04-23 22:25:09,804 - INFO - Schedule validated and added
2025-04-23 22:25:09,808 - INFO - Extracted disciplines: ['Высшая математика', 'Иностранный язык', 'Информатика и программирование', 'История России', 'Макроэкономика', 'Общая физическая подготовка', 'Основы конфигурирования в КИС', 'Регулирование социально-трудовых отношений на основе социального партнерства', 'Текстовые редакторы', 'Философия']
2025-04-23 22:25:09,808 - INFO - Disciplines after API load: ['Высшая математика', 'Иностранный язык', 'Информатика и программирование', 'История России', 'Макроэкономика', 'Общая физическая подготовка', 'Основы конфигурирования в КИС', 'Регулирование социально-трудовых отношений на основе социального партнерства', 'Текстовые редакторы', 'Философия']
2025-04-23 22:25:09,809 - INFO - Calling on_selection_complete
2025-04-23 22:25:09,809 - INFO - Returning cached disciplines
2025-04-23 22:25:09,809 - INFO - Disciplines in build_note_form: ['Высшая математика', 'Иностранный язык', 'Информатика и программирование', 'История России', 'Макроэкономика', 'Общая физическая подготовка', 'Основы конфигурирования в КИС', 'Регулирование социально-трудовых отношений на основе социального партнерства', 'Текстовые редакторы', 'Философия']
2025-04-23 22:25:09,811 - INFO - Notes list updated, total notes: 0
2025-04-23 22:25:09,811 - INFO - NotesView initialized
2025-04-23 22:25:09,830 - INFO - Main view displayed
2025-04-23 22:25:09,831 - INFO - Loaded schedules from local file
2025-04-23 22:25:09,832 - INFO - Schedules content: [
  {
    "Month": [
      {
        "Name": "Апрель",
        "Numb": 4,
        "Sched": [
          {
            "datePair": "01.04.2025",
            "dayWeek": "Вторник",
            "dayWeekShort": "Вт",
            "mainSchedule": [
              {
                "TimeStart": "10:15",
                "SubjName": "Общая физическая подготовка",
                "SubjSN": "Общая физ-я. подгот",
                "LoadKindSN": "Практ зан",
                "FIO": "Лукашевич Т.С.",
                "Aud": "Сп/Зал"
              },
              {
                "TimeStart": "12:00",
                "SubjName": "Текстовые редакторы",
                "SubjSN": "Текстовые ред-ры",
                "LoadKindSN": "Лабор",
                "FIO": "Олейников А.А.",
                "Aud": "614"
              },
              {
                "TimeStart": "14:05",
                "SubjName": "Иностранный язык",
                "SubjSN": "Иностранный язык",
                "LoadKindSN": "Практ зан",
                "FIO": "Фефелова И.Р.",
                "Aud": "221"
              }
            ]
          },
          {
            "datePair": "02.04.2025",
            "dayWeek": "Среда",
            "dayWeekShort": "Ср",
            "mainSchedule": [
              {
                "TimeStart": "08:30",
                "SubjName": "История России",
                "SubjSN": "История России",
                "LoadKindSN": "Лекция",
                "FIO": "Гресь C.И.",
                "Aud": "403"
              },
              {
                "TimeStart": "10:15",
                "SubjName": "История России",
                "SubjSN": "История России",
                "LoadKindSN": "Лекция",
                "FIO": "Гресь C.И.",
                "Aud": "403"
              },
              {
                "TimeStart": "12:00",
                "SubjName": "Информатика и программирование",
                "SubjSN": "Инф-ка и программ-е",
                "LoadKindSN": "Лекция",
2025-04-23 22:25:09,832 - INFO - Extracted disciplines: ['Высшая математика', 'Иностранный язык', 'Информатика и программирование', 'История России', 'Макроэкономика', 'Общая физическая подготовка', 'Основы конфигурирования в КИС', 'Регулирование социально-трудовых отношений на основе социального партнерства', 'Текстовые редакторы', 'Философия']
2025-04-23 22:25:09,832 - INFO - Disciplines after local load: ['Высшая математика', 'Иностранный язык', 'Информатика и программирование', 'История России', 'Макроэкономика', 'Общая физическая подготовка', 'Основы конфигурирования в КИС', 'Регулирование социально-трудовых отношений на основе социального партнерства', 'Текстовые редакторы', 'Философия']
2025-04-23 22:25:09,832 - INFO - Returning cached disciplines
2025-04-23 22:25:09,832 - INFO - Disciplines in build_note_form: ['Высшая математика', 'Иностранный язык', 'Информатика и программирование', 'История России', 'Макроэкономика', 'Общая физическая подготовка', 'Основы конфигурирования в КИС', 'Регулирование социально-трудовых отношений на основе социального партнерства', 'Текстовые редакторы', 'Философия']
2025-04-23 22:25:09,833 - INFO - Notes form rebuilt after schedule load
2025-04-23 22:25:09,833 - INFO - Clearing schedule_output, current controls: 39
2025-04-23 22:25:09,833 - INFO - Processing day: 01.04.2025
2025-04-23 22:25:09,834 - INFO - Added day card: day_01.04.2025
2025-04-23 22:25:09,834 - INFO - Processing day: 02.04.2025
2025-04-23 22:25:09,835 - INFO - Added day card: day_02.04.2025
2025-04-23 22:25:09,835 - INFO - Processing day: 03.04.2025
2025-04-23 22:25:09,836 - INFO - Added day card: day_03.04.2025
2025-04-23 22:25:09,836 - INFO - Processing day: 04.04.2025
2025-04-23 22:25:09,836 - INFO - Added day card: day_04.04.2025
2025-04-23 22:25:09,836 - INFO - Processing day: 07.04.2025
2025-04-23 22:25:09,837 - INFO - Added day card: day_07.04.2025
2025-04-23 22:25:09,837 - INFO - Processing day: 08.04.2025
2025-04-23 22:25:09,838 - INFO - Added day card: day_08.04.2025
2025-04-23 22:25:09,838 - INFO - Processing day: 09.04.2025
2025-04-23 22:25:09,838 - INFO - Added day card: day_09.04.2025
2025-04-23 22:25:09,839 - INFO - Processing day: 10.04.2025
2025-04-23 22:25:09,839 - INFO - Added day card: day_10.04.2025
2025-04-23 22:25:09,839 - INFO - Processing day: 11.04.2025
2025-04-23 22:25:09,840 - INFO - Added day card: day_11.04.2025
2025-04-23 22:25:09,840 - INFO - Processing day: 14.04.2025
2025-04-23 22:25:09,841 - INFO - Added day card: day_14.04.2025
2025-04-23 22:25:09,841 - INFO - Processing day: 15.04.2025
2025-04-23 22:25:09,841 - INFO - Added day card: day_15.04.2025
2025-04-23 22:25:09,841 - INFO - Processing day: 16.04.2025
2025-04-23 22:25:09,842 - INFO - Added day card: day_16.04.2025
2025-04-23 22:25:09,842 - INFO - Processing day: 17.04.2025
2025-04-23 22:25:09,843 - INFO - Added day card: day_17.04.2025
2025-04-23 22:25:09,843 - INFO - Processing day: 18.04.2025
2025-04-23 22:25:09,843 - INFO - Added day card: day_18.04.2025
2025-04-23 22:25:09,843 - INFO - Processing day: 21.04.2025
2025-04-23 22:25:09,844 - INFO - Added day card: day_21.04.2025
2025-04-23 22:25:09,844 - INFO - Processing day: 22.04.2025
2025-04-23 22:25:09,845 - INFO - Added day card: day_22.04.2025
2025-04-23 22:25:09,845 - INFO - Processing day: 23.04.2025
2025-04-23 22:25:09,846 - INFO - Added day card: day_23.04.2025
2025-04-23 22:25:09,846 - INFO - Processing day: 24.04.2025
2025-04-23 22:25:09,846 - INFO - Added day card: day_24.04.2025
2025-04-23 22:25:09,846 - INFO - Processing day: 25.04.2025
2025-04-23 22:25:09,847 - INFO - Added day card: day_25.04.2025
2025-04-23 22:25:09,847 - INFO - Processing day: 28.04.2025
2025-04-23 22:25:09,847 - INFO - Added day card: day_28.04.2025
2025-04-23 22:25:09,848 - INFO - Processing day: 30.04.2025
2025-04-23 22:25:09,848 - INFO - Added day card: day_30.04.2025
2025-04-23 22:25:09,848 - INFO - Processing day: 05.05.2025
2025-04-23 22:25:09,849 - INFO - Added day card: day_05.05.2025
2025-04-23 22:25:09,849 - INFO - Processing day: 06.05.2025
2025-04-23 22:25:09,849 - INFO - Added day card: day_06.05.2025
2025-04-23 22:25:09,849 - INFO - Processing day: 07.05.2025
2025-04-23 22:25:09,850 - INFO - Added day card: day_07.05.2025
2025-04-23 22:25:09,850 - INFO - Processing day: 12.05.2025
2025-04-23 22:25:09,851 - INFO - Added day card: day_12.05.2025
2025-04-23 22:25:09,851 - INFO - Processing day: 13.05.2025
2025-04-23 22:25:09,852 - INFO - Added day card: day_13.05.2025
2025-04-23 22:25:09,852 - INFO - Processing day: 14.05.2025
2025-04-23 22:25:09,852 - INFO - Added day card: day_14.05.2025
2025-04-23 22:25:09,852 - INFO - Processing day: 15.05.2025
2025-04-23 22:25:09,853 - INFO - Added day card: day_15.05.2025
2025-04-23 22:25:09,853 - INFO - Processing day: 16.05.2025
2025-04-23 22:25:09,854 - INFO - Added day card: day_16.05.2025
2025-04-23 22:25:09,854 - INFO - Processing day: 19.05.2025
2025-04-23 22:25:09,854 - INFO - Added day card: day_19.05.2025
2025-04-23 22:25:09,854 - INFO - Processing day: 20.05.2025
2025-04-23 22:25:09,855 - INFO - Added day card: day_20.05.2025
2025-04-23 22:25:09,855 - INFO - Processing day: 21.05.2025
2025-04-23 22:25:09,855 - INFO - Added day card: day_21.05.2025
2025-04-23 22:25:09,855 - INFO - Processing day: 22.05.2025
2025-04-23 22:25:09,856 - INFO - Added day card: day_22.05.2025
2025-04-23 22:25:09,856 - INFO - Processing day: 23.05.2025
2025-04-23 22:25:09,856 - INFO - Added day card: day_23.05.2025
2025-04-23 22:25:09,856 - INFO - Processing day: 26.05.2025
2025-04-23 22:25:09,857 - INFO - Added day card: day_26.05.2025
2025-04-23 22:25:09,857 - INFO - Processing day: 27.05.2025
2025-04-23 22:25:09,858 - INFO - Added day card: day_27.05.2025
2025-04-23 22:25:09,858 - INFO - Processing day: 28.05.2025
2025-04-23 22:25:09,858 - INFO - Added day card: day_28.05.2025
2025-04-23 22:25:09,859 - INFO - Processing day: 29.05.2025
2025-04-23 22:25:09,859 - INFO - Added day card: day_29.05.2025
2025-04-23 22:25:09,859 - INFO - Processing day: 30.05.2025
2025-04-23 22:25:09,860 - INFO - Added day card: day_30.05.2025
2025-04-23 22:25:09,860 - INFO - Total cards added: 39
2025-04-23 22:25:09,879 - INFO - Schedule output controls after update: 39
2025-04-23 22:25:09,916 - INFO - Scrolled to key: day_23.04.2025
2025-04-23 22:25:14,858 - INFO - Updated groups for course 1 курс: ['БДД-101', 'БДД-102', 'ИД-101', 'ИСПД-101', 'ИСПД-102', 'ИСПД-103', 'МД-101', 'РД-101', 'РД-102', 'РСОД-101', 'УПД-101', 'ЭБД-101', 'ЭБД-102', 'ЭД-101', 'ЮД-101']
2025-04-23 22:25:14,858 - INFO - Extracted disciplines: []
2025-04-23 22:25:14,859 - INFO - Disciplines in build_note_form: []
2025-04-23 22:25:14,859 - WARNING - No disciplines available
2025-04-23 22:25:14,860 - INFO - Notes list updated, total notes: 0
2025-04-23 22:25:14,860 - INFO - NotesView initialized
2025-04-23 22:25:14,861 - INFO - Main view displayed
2025-04-23 22:25:14,862 - INFO - Loaded schedules from local file
2025-04-23 22:25:14,863 - INFO - Schedules content: [
  {
    "Month": [
      {
        "Name": "Апрель",
        "Numb": 4,
        "Sched": [
          {
            "datePair": "01.04.2025",
            "dayWeek": "Вторник",
            "dayWeekShort": "Вт",
            "mainSchedule": [
              {
                "TimeStart": "10:15",
                "SubjName": "Общая физическая подготовка",
                "SubjSN": "Общая физ-я. подгот",
                "LoadKindSN": "Практ зан",
                "FIO": "Лукашевич Т.С.",
                "Aud": "Сп/Зал"
              },
              {
                "TimeStart": "12:00",
                "SubjName": "Текстовые редакторы",
                "SubjSN": "Текстовые ред-ры",
                "LoadKindSN": "Лабор",
                "FIO": "Олейников А.А.",
                "Aud": "614"
              },
              {
                "TimeStart": "14:05",
                "SubjName": "Иностранный язык",
                "SubjSN": "Иностранный язык",
                "LoadKindSN": "Практ зан",
                "FIO": "Фефелова И.Р.",
                "Aud": "221"
              }
            ]
          },
          {
            "datePair": "02.04.2025",
            "dayWeek": "Среда",
            "dayWeekShort": "Ср",
            "mainSchedule": [
              {
                "TimeStart": "08:30",
                "SubjName": "История России",
                "SubjSN": "История России",
                "LoadKindSN": "Лекция",
                "FIO": "Гресь C.И.",
                "Aud": "403"
              },
              {
                "TimeStart": "10:15",
                "SubjName": "История России",
                "SubjSN": "История России",
                "LoadKindSN": "Лекция",
                "FIO": "Гресь C.И.",
                "Aud": "403"
              },
              {
                "TimeStart": "12:00",
                "SubjName": "Информатика и программирование",
                "SubjSN": "Инф-ка и программ-е",
                "LoadKindSN": "Лекция",
2025-04-23 22:25:14,863 - INFO - Extracted disciplines: ['Высшая математика', 'Иностранный язык', 'Информатика и программирование', 'История России', 'Макроэкономика', 'Общая физическая подготовка', 'Основы конфигурирования в КИС', 'Регулирование социально-трудовых отношений на основе социального партнерства', 'Текстовые редакторы', 'Философия']
2025-04-23 22:25:14,863 - INFO - Disciplines after local load: ['Высшая математика', 'Иностранный язык', 'Информатика и программирование', 'История России', 'Макроэкономика', 'Общая физическая подготовка', 'Основы конфигурирования в КИС', 'Регулирование социально-трудовых отношений на основе социального партнерства', 'Текстовые редакторы', 'Философия']
2025-04-23 22:25:14,863 - INFO - Returning cached disciplines
2025-04-23 22:25:14,863 - INFO - Disciplines in build_note_form: ['Высшая математика', 'Иностранный язык', 'Информатика и программирование', 'История России', 'Макроэкономика', 'Общая физическая подготовка', 'Основы конфигурирования в КИС', 'Регулирование социально-трудовых отношений на основе социального партнерства', 'Текстовые редакторы', 'Философия']
2025-04-23 22:25:14,864 - INFO - Notes form rebuilt after schedule load
2025-04-23 22:25:14,865 - INFO - Clearing schedule_output, current controls: 0
2025-04-23 22:25:14,867 - INFO - Processing day: 23.04.2025
2025-04-23 22:25:14,867 - INFO - Added lesson card: lesson_23.04.2025_08:30
2025-04-23 22:25:14,868 - INFO - Added lesson card: lesson_23.04.2025_10:15
2025-04-23 22:25:14,868 - INFO - Added lesson card: lesson_23.04.2025_12:00
2025-04-23 22:25:14,868 - INFO - Total cards added: 3
2025-04-23 22:25:14,870 - INFO - Schedule output controls after update: 3
2025-04-23 22:25:14,871 - INFO - Scrolled to key: lesson_23.04.2025_08:30
